<?xml version="1.0" encoding="UTF-8"?>
<!-- Generated by org.testng.reporters.JUnitReportReporter -->
<testsuite hostname="ATMECSINLT-085" failures="0" tests="1" name="com.atmecs.sample.testscripts.TestNGMethod" time="207.746" errors="0" timestamp="01 Nov 2019 13:54:30 GMT" skipped="0">
  <testcase classname="com.atmecs.sample.testscripts.TestNGMethod" name="xmlsuite" time="207.746"/>
</testsuite> <!-- com.atmecs.sample.testscripts.TestNGMethod -->
