<?xml version="1.0" encoding="UTF-8"?>
<!-- Generated by org.testng.reporters.JUnitReportReporter -->
<testsuite hostname="ATMECSINLT-085" failures="0" tests="1" name="com.atmecs.sample.testscripts.TestVerifyCanvas" time="49.355" errors="0" timestamp="01 Nov 2019 13:54:30 GMT" skipped="0">
  <testcase classname="com.atmecs.sample.testscripts.TestVerifyCanvas" name="verifyCanvas" time="49.355"/>
</testsuite> <!-- com.atmecs.sample.testscripts.TestVerifyCanvas -->
